<?xml version="1.0" encoding="UTF-8"?>
  <testsuite name="Chaos suite" tests="0" failures="0" errors="0" time="0"></testsuite>